20170309210331939,RW:2U:DV:3L:0F:QG,5G_T 0FQG,-52,1
1,37.565487,127.019299,4,0.000000,0.000000,29,2017-02-23 09:49:34,(1/1)
20170309210331942,LU:4E:EW:JT:XH:7Y,5G_T XH7Y,-87,1
1,37.565487,127.019299,4,0.000000,0.000000,29,2017-02-23 09:49:34,(1/1)
20170309210331944,8Z:ES:7S:ZG:OC:WG,5G_T OCWG,-52,1
1,37.565487,127.019299,4,0.000000,0.000000,29,2017-02-23 09:49:34,(1/1)
20170309210331945,SC:55:48:8Z:68:W6,5G_T 68W6,-68,1
1,37.565487,127.019299,4,0.000000,0.000000,29,2017-02-23 09:49:34,(1/1)
20170309210332237,H0:FF:7T:BG:RH:0V,5G_T RH0V,-40,1
1,37.565487,127.019299,4,0.000000,0.000000,29,2017-02-23 09:49:34,(1/1)
20170309210332242,45:1O:TW:C8:0C:KH,5G_T 0CKH,-58,1
1,37.565487,127.019299,4,0.000000,0.000000,29,2017-02-23 09:49:34,(1/1)
20170309210332245,JX:C2:B1:6K:ZH:UY,5G_T ZHUY,-47,1
1,37.565487,127.019299,4,0.000000,0.000000,29,2017-02-23 09:49:34,(1/1)
20170309210332247,FK:DU:6Q:46:4W:MZ,5G_T 4WMZ,-55,1
1,37.565487,127.019299,4,0.000000,0.000000,29,2017-02-23 09:49:34,(1/1)
20170309210332537,PF:MM:UL:NT:8Y:Y9,5G_T 8YY9,-49,1
1,37.565487,127.019299,4,0.000000,0.000000,29,2017-02-23 09:49:34,(1/1)
20170309210332540,YI:CM:UJ:BZ:DJ:63,5G_T DJ63,-83,1
1,37.565487,127.019299,4,0.000000,0.000000,29,2017-02-23 09:49:34,(1/1)
20170309210332542,YZ:YE:TJ:XC:SZ:R3,5G_T SZR3,-74,1
1,37.565487,127.019299,4,0.000000,0.000000,29,2017-02-23 09:49:34,(1/1)
20170309210332544,1E:VD:ZM:L4:QB:DL,5G_T QBDL,-76,1
1,37.565487,127.019299,4,0.000000,0.000000,29,2017-02-23 09:49:34,(1/1)
20170309210332838,85:UZ:KB:9Q:H6:WH,5G_T H6WH,-78,1
1,37.565487,127.019299,4,0.000000,0.000000,29,2017-02-23 09:49:34,(1/1)
20170309210332840,NH:AE:DP:7A:FI:65,5G_T FI65,-79,1
1,37.565487,127.019299,4,0.000000,0.000000,29,2017-02-23 09:49:34,(1/1)
20170309210332842,GN:ST:EF:BX:VP:NX,5G_T VPNX,-68,1
1,37.565487,127.019299,4,0.000000,0.000000,29,2017-02-23 09:49:34,(1/1)
20170309210332844,93:XE:UB:LT:1P:F2,5G_T 1PF2,-43,1
1,37.565487,127.019299,4,0.000000,0.000000,29,2017-02-23 09:49:34,(1/1)
20170309210333139,4S:U0:DK:G7:F4:QR,5G_T F4QR,-80,1
1,37.565487,127.019299,4,0.000000,0.000000,29,2017-02-23 09:49:34,(1/1)
20170309210333143,8P:R4:MZ:AC:DX:CO,5G_T DXCO,-63,1
1,37.565487,127.019299,4,0.000000,0.000000,29,2017-02-23 09:49:34,(1/1)
20170309210333146,JI:HU:V3:NP:JQ:KR,5G_T JQKR,-88,1
1,37.565487,127.019299,4,0.000000,0.000000,29,2017-02-23 09:49:34,(1/1)
20170309210333149,RN:UO:75:60:5N:2E,5G_T 5N2E,-65,1
1,37.565487,127.019299,4,0.000000,0.000000,29,2017-02-23 09:49:34,(1/1)
20170309210333438,W2:F7:KD:HI:V0:A4,5G_T V0A4,-45,1
1,37.565487,127.019299,4,0.000000,0.000000,29,2017-02-23 09:49:34,(1/1)
20170309210333439,OM:IL:WM:IL:OW:VC,5G_T OWVC,-61,1
1,37.565487,127.019299,4,0.000000,0.000000,29,2017-02-23 09:49:34,(1/1)
20170309210333440,UH:3W:EB:0F:VM:68,5G_T VM68,-50,1
1,37.565487,127.019299,4,0.000000,0.000000,29,2017-02-23 09:49:34,(1/1)
20170309210333441,0G:4C:I6:9J:YG:H5,5G_T YGH5,-59,1
1,37.565487,127.019299,4,0.000000,0.000000,29,2017-02-23 09:49:34,(1/1)
20170309210333739,HC:QX:XU:6L:XH:YR,5G_T XHYR,-45,1
1,37.565487,127.019299,4,0.000000,0.000000,29,2017-02-23 09:49:34,(1/1)
20170309210333740,3S:BK:X4:XG:D7:2I,5G_T D72I,-65,1
1,37.565487,127.019299,4,0.000000,0.000000,29,2017-02-23 09:49:34,(1/1)
20170309210333741,VH:XS:LZ:2Z:3V:7F,5G_T 3V7F,-51,1
1,37.565487,127.019299,4,0.000000,0.000000,29,2017-02-23 09:49:34,(1/1)
20170309210333742,15:H0:AJ:OP:GR:1L,5G_T GR1L,-44,1
1,37.565487,127.019299,4,0.000000,0.000000,29,2017-02-23 09:49:34,(1/1)
20170309210334037,2B:D5:EB:K5:HF:XF,5G_T HFXF,-47,1
1,37.565487,127.019299,4,0.000000,0.000000,29,2017-02-23 09:49:34,(1/1)
20170309210334038,A4:XG:JC:T8:4Z:LS,5G_T 4ZLS,-78,1
1,37.565487,127.019299,4,0.000000,0.000000,29,2017-02-23 09:49:34,(1/1)
20170309210334039,1J:LS:59:9T:SA:LM,5G_T SALM,-76,1
1,37.565487,127.019299,4,0.000000,0.000000,29,2017-02-23 09:49:34,(1/1)
20170309210334040,OL:JR:OJ:EM:A7:54,5G_T A754,-46,1
1,37.565487,127.019299,4,0.000000,0.000000,29,2017-02-23 09:49:34,(1/1)
20170309210334337,25:29:9T:CT:F9:AW,5G_T F9AW,-88,1
1,37.565487,127.019299,4,0.000000,0.000000,29,2017-02-23 09:49:34,(1/1)
20170309210334339,LF:ZX:IV:1T:8I:8F,5G_T 8I8F,-63,1
1,37.565487,127.019299,4,0.000000,0.000000,29,2017-02-23 09:49:34,(1/1)
20170309210334340,KK:WU:01:Z8:LV:S6,5G_T LVS6,-46,1
1,37.565487,127.019299,4,0.000000,0.000000,29,2017-02-23 09:49:34,(1/1)
20170309210334342,QY:K3:WN:IS:3P:DR,5G_T 3PDR,-48,1
1,37.565487,127.019299,4,0.000000,0.000000,29,2017-02-23 09:49:34,(1/1)
20170309210334638,V5:LR:MV:WP:HK:X0,5G_T HKX0,-81,1
1,37.565487,127.019299,4,0.000000,0.000000,29,2017-02-23 09:49:34,(1/1)
20170309210334639,2I:PM:IU:DD:MF:D4,5G_T MFD4,-77,1
1,37.565487,127.019299,4,0.000000,0.000000,29,2017-02-23 09:49:34,(1/1)
20170309210334639,WP:NP:2W:VO:P6:G7,5G_T P6G7,-73,1
1,37.565487,127.019299,4,0.000000,0.000000,29,2017-02-23 09:49:34,(1/1)
20170309210334640,1O:6F:D5:4J:YL:YL,5G_T YLYL,-79,1
1,37.565487,127.019299,4,0.000000,0.000000,29,2017-02-23 09:49:34,(1/1)
20170309210334937,Y9:VT:BX:CL:1N:TN,5G_T 1NTN,-59,1
1,37.565487,127.019299,4,0.000000,0.000000,29,2017-02-23 09:49:34,(1/1)
20170309210334938,FN:7T:CT:7U:08:FZ,5G_T 08FZ,-51,1
1,37.565487,127.019299,4,0.000000,0.000000,29,2017-02-23 09:49:34,(1/1)
20170309210334939,JZ:L2:Z8:9L:WB:BZ,5G_T WBBZ,-56,1
1,37.565487,127.019299,4,0.000000,0.000000,29,2017-02-23 09:49:34,(1/1)
20170309210334940,PD:VB:NB:FT:YC:YM,5G_T YCYM,-71,1
1,37.565487,127.019299,4,0.000000,0.000000,29,2017-02-23 09:49:34,(1/1)
20170309210335238,MF:OT:96:KI:4Z:17,5G_T 4Z17,-63,1
1,37.565487,127.019299,4,0.000000,0.000000,29,2017-02-23 09:49:34,(1/1)
20170309210335239,9I:YE:2A:LO:3C:HT,5G_T 3CHT,-75,1
1,37.565487,127.019299,4,0.000000,0.000000,29,2017-02-23 09:49:34,(1/1)
20170309210335241,XU:EF:3K:WQ:6I:RT,5G_T 6IRT,-50,1
1,37.565487,127.019299,4,0.000000,0.000000,29,2017-02-23 09:49:34,(1/1)
20170309210335244,DE:P5:VD:O3:TH:YD,5G_T THYD,-64,1
1,37.565487,127.019299,4,0.000000,0.000000,29,2017-02-23 09:49:34,(1/1)
20170309210335538,TX:JC:GS:LB:AS:P0,5G_T ASP0,-67,1
1,37.565487,127.019299,4,0.000000,0.000000,29,2017-02-23 09:49:34,(1/1)
20170309210335539,42:GF:DW:GP:QE:4Y,5G_T QE4Y,-56,1
1,37.565487,127.019299,4,0.000000,0.000000,29,2017-02-23 09:49:34,(1/1)
20170309210335541,R6:QD:O4:7E:KH:DS,5G_T KHDS,-74,1
1,37.565487,127.019299,4,0.000000,0.000000,29,2017-02-23 09:49:34,(1/1)
20170309210335541,5K:4A:W9:1O:H3:EO,5G_T H3EO,-40,1
1,37.565487,127.019299,4,0.000000,0.000000,29,2017-02-23 09:49:34,(1/1)
20170309210335838,D5:JT:8P:LY:L4:02,5G_T L402,-66,1
1,37.565487,127.019299,4,0.000000,0.000000,29,2017-02-23 09:49:34,(1/1)
20170309210335839,GR:VV:Y4:6A:LX:TV,5G_T LXTV,-51,1
1,37.565487,127.019299,4,0.000000,0.000000,29,2017-02-23 09:49:34,(1/1)
20170309210335840,GM:ZG:Y0:XF:4K:8T,5G_T 4K8T,-87,1
1,37.565487,127.019299,4,0.000000,0.000000,29,2017-02-23 09:49:34,(1/1)
20170309210335841,A1:0U:HE:PM:1T:4L,5G_T 1T4L,-89,1
1,37.565487,127.019299,4,0.000000,0.000000,29,2017-02-23 09:49:34,(1/1)
20170309210336138,T1:4P:E8:HG:L1:CH,5G_T L1CH,-54,1
1,37.565487,127.019299,4,0.000000,0.000000,29,2017-02-23 09:49:34,(1/1)
20170309210336142,BQ:LH:YX:KE:QU:JZ,5G_T QUJZ,-82,1
1,37.565487,127.019299,4,0.000000,0.000000,29,2017-02-23 09:49:34,(1/1)
20170309210336146,C4:ES:BU:OM:0X:P4,5G_T 0XP4,-61,1
1,37.565487,127.019299,4,0.000000,0.000000,29,2017-02-23 09:49:34,(1/1)
20170309210336149,YK:CI:HV:X8:0P:R1,5G_T 0PR1,-51,1
1,37.565487,127.019299,4,0.000000,0.000000,29,2017-02-23 09:49:34,(1/1)
20170309210336439,J3:6X:WD:OM:0B:5X,5G_T 0B5X,-53,1
1,37.565487,127.019299,4,0.000000,0.000000,29,2017-02-23 09:49:34,(1/1)
20170309210336440,MB:TU:9Q:DP:NM:D0,5G_T NMD0,-51,1
1,37.565487,127.019299,4,0.000000,0.000000,29,2017-02-23 09:49:34,(1/1)
20170309210336441,OY:2I:F3:EN:86:I5,5G_T 86I5,-49,1
1,37.565487,127.019299,4,0.000000,0.000000,29,2017-02-23 09:49:34,(1/1)
20170309210336441,JJ:Q8:U4:4H:HB:62,5G_T HB62,-61,1
1,37.565487,127.019299,4,0.000000,0.000000,29,2017-02-23 09:49:34,(1/1)
20170309210336738,A9:5V:Q9:4R:V9:7A,5G_T V97A,-79,1
1,37.565487,127.019299,4,0.000000,0.000000,29,2017-02-23 09:49:34,(1/1)
20170309210336740,27:75:33:3R:T3:SS,5G_T T3SS,-52,1
1,37.565487,127.019299,4,0.000000,0.000000,29,2017-02-23 09:49:34,(1/1)
20170309210336743,NY:9A:39:U8:66:EZ,5G_T 66EZ,-55,1
1,37.565487,127.019299,4,0.000000,0.000000,29,2017-02-23 09:49:34,(1/1)
20170309210336745,7V:O2:6K:9F:SY:4P,5G_T SY4P,-63,1
1,37.565487,127.019299,4,0.000000,0.000000,29,2017-02-23 09:49:34,(1/1)
20170309210337038,OS:5Q:NZ:L9:XC:QP,5G_T XCQP,-77,1
1,37.565487,127.019299,4,0.000000,0.000000,29,2017-02-23 09:49:34,(1/1)
20170309210337038,9X:0Y:9O:U0:7E:7P,5G_T 7E7P,-55,1
1,37.565487,127.019299,4,0.000000,0.000000,29,2017-02-23 09:49:34,(1/1)
20170309210337039,0D:FL:BC:8E:HX:OQ,5G_T HXOQ,-73,1
1,37.565487,127.019299,4,0.000000,0.000000,29,2017-02-23 09:49:34,(1/1)
20170309210337039,UA:C7:EF:LT:LM:4O,5G_T LM4O,-59,1
1,37.565487,127.019299,4,0.000000,0.000000,29,2017-02-23 09:49:34,(1/1)
20170309210337338,27:CB:AV:JI:LP:ZT,5G_T LPZT,-50,1
1,37.565487,127.019299,4,0.000000,0.000000,29,2017-02-23 09:49:34,(1/1)
20170309210337339,ZC:AN:JQ:CD:CL:K4,5G_T CLK4,-47,1
1,37.565487,127.019299,4,0.000000,0.000000,29,2017-02-23 09:49:34,(1/1)
20170309210337341,11:W8:DS:S7:1M:LB,5G_T 1MLB,-76,1
1,37.565487,127.019299,4,0.000000,0.000000,29,2017-02-23 09:49:34,(1/1)
20170309210337342,9A:XZ:45:6R:WA:VH,5G_T WAVH,-80,1
1,37.565487,127.019299,4,0.000000,0.000000,29,2017-02-23 09:49:34,(1/1)
20170309210337638,LU:K0:AQ:6O:WC:UC,5G_T WCUC,-46,1
1,37.565487,127.019299,4,0.000000,0.000000,29,2017-02-23 09:49:34,(1/1)
20170309210337639,57:0H:S6:QQ:MT:C7,5G_T MTC7,-42,1
1,37.565487,127.019299,4,0.000000,0.000000,29,2017-02-23 09:49:34,(1/1)
20170309210337641,XJ:8A:TY:KZ:6V:1S,5G_T 6V1S,-55,1
1,37.565487,127.019299,4,0.000000,0.000000,29,2017-02-23 09:49:34,(1/1)
20170309210337643,T7:ND:Y0:5O:ID:Q2,5G_T IDQ2,-90,1
1,37.565487,127.019299,4,0.000000,0.000000,29,2017-02-23 09:49:34,(1/1)
20170309210337938,J8:20:PM:OE:VH:JI,5G_T VHJI,-78,1
1,37.565487,127.019299,4,0.000000,0.000000,29,2017-02-23 09:49:34,(1/1)
20170309210337940,QY:QE:9X:YA:GH:S6,5G_T GHS6,-89,1
1,37.565487,127.019299,4,0.000000,0.000000,29,2017-02-23 09:49:34,(1/1)
20170309210337942,T6:1O:Z1:KO:WO:Y2,5G_T WOY2,-65,1
1,37.565487,127.019299,4,0.000000,0.000000,29,2017-02-23 09:49:34,(1/1)
20170309210337944,2B:83:FH:DB:JT:11,5G_T JT11,-55,1
1,37.565487,127.019299,4,0.000000,0.000000,29,2017-02-23 09:49:34,(1/1)
20170309210338238,47:0L:6V:QU:7T:F6,5G_T 7TF6,-76,1
1,37.565487,127.019299,4,0.000000,0.000000,29,2017-02-23 09:49:34,(1/1)
20170309210338239,DZ:65:Y5:VY:9Q:HU,5G_T 9QHU,-56,1
1,37.565487,127.019299,4,0.000000,0.000000,29,2017-02-23 09:49:34,(1/1)
20170309210338240,69:00:T7:V2:4N:7T,5G_T 4N7T,-81,1
1,37.565487,127.019299,4,0.000000,0.000000,29,2017-02-23 09:49:34,(1/1)
20170309210338241,HY:36:9H:3Q:OA:JV,5G_T OAJV,-44,1
1,37.565487,127.019299,4,0.000000,0.000000,29,2017-02-23 09:49:34,(1/1)
20170309210338537,5R:SA:LG:NS:GS:QK,5G_T GSQK,-79,1
1,37.565487,127.019299,4,0.000000,0.000000,29,2017-02-23 09:49:34,(1/1)
20170309210338539,46:6H:IX:96:ML:TM,5G_T MLTM,-57,1
1,37.565487,127.019299,4,0.000000,0.000000,29,2017-02-23 09:49:34,(1/1)
20170309210338540,AS:X9:TP:HO:6Z:1T,5G_T 6Z1T,-83,1
1,37.565487,127.019299,4,0.000000,0.000000,29,2017-02-23 09:49:34,(1/1)
20170309210338541,3W:A2:BK:GS:RS:F4,5G_T RSF4,-55,1
1,37.565487,127.019299,4,0.000000,0.000000,29,2017-02-23 09:49:34,(1/1)
20170309210338838,TQ:UD:AY:I8:OQ:LI,5G_T OQLI,-48,1
1,37.565487,127.019299,4,0.000000,0.000000,29,2017-02-23 09:49:34,(1/1)
20170309210338840,W2:GX:O4:1M:VA:A3,5G_T VAA3,-82,1
1,37.565487,127.019299,4,0.000000,0.000000,29,2017-02-23 09:49:34,(1/1)
20170309210338842,KV:B9:XQ:ZQ:YA:8D,5G_T YA8D,-54,1
1,37.565487,127.019299,4,0.000000,0.000000,29,2017-02-23 09:49:34,(1/1)
20170309210338843,Q3:7G:TD:XB:M5:JS,5G_T M5JS,-45,1
1,37.565487,127.019299,4,0.000000,0.000000,29,2017-02-23 09:49:34,(1/1)
20170309210339138,J2:ZJ:JO:PK:II:0J,5G_T II0J,-73,1
1,37.565487,127.019299,4,0.000000,0.000000,29,2017-02-23 09:49:34,(1/1)
20170309210339139,SF:SP:BX:OX:HS:C2,5G_T HSC2,-60,1
1,37.565487,127.019299,4,0.000000,0.000000,29,2017-02-23 09:49:34,(1/1)
20170309210339139,QK:TP:U8:4Z:YE:2L,5G_T YE2L,-72,1
1,37.565487,127.019299,4,0.000000,0.000000,29,2017-02-23 09:49:34,(1/1)
20170309210339140,TD:ZD:9U:WG:Y7:0J,5G_T Y70J,-62,1
1,37.565487,127.019299,4,0.000000,0.000000,29,2017-02-23 09:49:34,(1/1)
